<?xml version="1.0" encoding="UTF-8"?>
<!-- Generated by org.testng.reporters.JUnitReportReporter -->
<testsuite hostname="sanket" failures="0" tests="2" name="testNG.TestClass" time="6.933" errors="0" timestamp="2023-02-23T23:43:03 IST" skipped="0">
  <testcase classname="testNG.TestClass" name="verifySsdLink" time="2.781"/>
  <system-out/>
  <testcase classname="testNG.TestClass" name="verifyHomePageURLandTitle" time="4.152"/>
  <system-out/>
</testsuite> <!-- testNG.TestClass -->
