<?xml version="1.0" encoding="UTF-8"?>
<!-- Generated by org.testng.reporters.JUnitReportReporter -->
<testsuite hostname="sanket" failures="0" tests="2" name="testNG.TestClassXYZ" time="8.044" errors="0" timestamp="2023-03-17T11:57:46 IST" skipped="0">
  <testcase classname="testNG.TestClassXYZ" name="verifyHomePageURLandTitle" time="1.564"/>
  <system-out/>
  <testcase classname="testNG.TestClassXYZ" name="verifySsdLink" time="6.480"/>
  <system-out/>
</testsuite> <!-- testNG.TestClassXYZ -->
