<?xml version="1.0" encoding="UTF-8"?>
<!-- Generated by org.testng.reporters.JUnitReportReporter -->
<testsuite hostname="sanket" failures="0" tests="4" name="testNG.Automation" time="0.004" errors="0" timestamp="2023-02-24T23:01:17 IST" skipped="0">
  <testcase classname="testNG.Automation" name="test4" time="0.000"/>
  <system-out/>
  <testcase classname="testNG.Automation" name="test1" time="0.001"/>
  <system-out/>
  <testcase classname="testNG.Automation" name="test2" time="0.002"/>
  <system-out/>
  <testcase classname="testNG.Automation" name="test3" time="0.001"/>
  <system-out/>
</testsuite> <!-- testNG.Automation -->
